Created by PLY version 3.11 (http://www.dabeaz.com/ply)

Grammar

Rule 0     S' -> programa
Rule 1     programa -> PROGRAMA ID SEMICOLON skipVars cycleFuncs INICIO CUERPO FIN
Rule 2     skipVars -> <empty>
Rule 3     skipVars -> VARS_sect
Rule 4     cycleFuncs -> <empty>
Rule 5     cycleFuncs -> FUNCS cycleFuncs
Rule 6     CUERPO -> LEFTBRACE cycleEst RIGHTBRACE
Rule 7     cycleEst -> <empty>
Rule 8     cycleEst -> ESTATUTO cycleEst
Rule 9     ASIGNA -> ID ASSIGN EXPRESION SEMICOLON
Rule 10    CTE -> CTE_ENT
Rule 11    CTE -> CTE_FLOAT
Rule 12    TIPO -> ENTERO
Rule 13    TIPO -> FLOTANTE
Rule 14    FUNCS -> typeNull ID LEFTPAREN p_Follow RIGHTPAREN LEFTBRACE skipVars CUERPO RIGHTBRACE SEMICOLON
Rule 15    typeNull -> NULA
Rule 16    typeNull -> TIPO
Rule 17    p_Follow -> <empty>
Rule 18    p_Follow -> ID COLON TIPO commaCycleFuncs
Rule 19    commaCycleFuncs -> <empty>
Rule 20    commaCycleFuncs -> COMMA p_Follow
Rule 21    ESTATUTO -> ASIGNA
Rule 22    ESTATUTO -> CONDICION
Rule 23    ESTATUTO -> CICLO
Rule 24    ESTATUTO -> LLAMADA SEMICOLON
Rule 25    ESTATUTO -> IMPRIME
Rule 26    ESTATUTO -> LEFTBRACKET ESTATUTO RIGHTBRACKET
Rule 27    EXPRESION -> EXP signsExp
Rule 28    signsExp -> <empty>
Rule 29    signsExp -> GREATERTHAN EXP
Rule 30    signsExp -> LESSTHAN EXP
Rule 31    signsExp -> EQUAL EXP
Rule 32    signsExp -> NOTEQ EXP
Rule 33    EXP -> EXP PLUS TERMINO
Rule 34    EXP -> EXP MINUS TERMINO
Rule 35    EXP -> TERMINO
Rule 36    TERMINO -> TERMINO MULT FACTOR
Rule 37    TERMINO -> TERMINO DIVIDE FACTOR
Rule 38    TERMINO -> FACTOR
Rule 39    FACTOR -> LEFTPAREN EXPRESION RIGHTPAREN
Rule 40    FACTOR -> LLAMADA
Rule 41    FACTOR -> PLUS skipID
Rule 42    FACTOR -> MINUS skipID
Rule 43    FACTOR -> skipID
Rule 44    skipID -> ID
Rule 45    skipID -> CTE
Rule 46    LLAMADA -> ID LEFTPAREN args RIGHTPAREN
Rule 47    args -> <empty>
Rule 48    args -> EXPRESION argsCycle
Rule 49    argsCycle -> <empty>
Rule 50    argsCycle -> COMMA EXPRESION argsCycle
Rule 51    VARS_sect -> VARS p_VARS
Rule 52    p_VARS -> ID cycleID COLON TIPO SEMICOLON cycleP_VARS
Rule 53    cycleID -> <empty>
Rule 54    cycleID -> COMMA ID cycleID
Rule 55    cycleP_VARS -> <empty>
Rule 56    cycleP_VARS -> p_VARS
Rule 57    IMPRIME -> ESCRIBE LEFTPAREN imp cycleImp RIGHTPAREN SEMICOLON
Rule 58    imp -> LETRERO
Rule 59    imp -> EXPRESION
Rule 60    cycleImp -> <empty>
Rule 61    cycleImp -> COMMA imp cycleImp
Rule 62    CICLO -> MIENTRAS LEFTPAREN EXPRESION RIGHTPAREN HAZ CUERPO SEMICOLON
Rule 63    CONDICION -> SI LEFTPAREN EXPRESION RIGHTPAREN HAZ CUERPO sinoCuerpo SEMICOLON
Rule 64    sinoCuerpo -> <empty>
Rule 65    sinoCuerpo -> SINO CUERPO

Terminals, with rules where they appear

ASSIGN               : 9
COLON                : 18 52
COMMA                : 20 50 54 61
CTE_ENT              : 10
CTE_FLOAT            : 11
DIVIDE               : 37
ENTERO               : 12
EQUAL                : 31
ESCRIBE              : 57
FIN                  : 1
FLOTANTE             : 13
GREATERTHAN          : 29
HAZ                  : 62 63
ID                   : 1 9 14 18 44 46 52 54
INICIO               : 1
LEFTBRACE            : 6 14
LEFTBRACKET          : 26
LEFTPAREN            : 14 39 46 57 62 63
LESSTHAN             : 30
LETRERO              : 58
MIENTRAS             : 62
MINUS                : 34 42
MULT                 : 36
NOTEQ                : 32
NULA                 : 15
PLUS                 : 33 41
PROGRAMA             : 1
RIGHTBRACE           : 6 14
RIGHTBRACKET         : 26
RIGHTPAREN           : 14 39 46 57 62 63
SEMICOLON            : 1 9 14 24 52 57 62 63
SI                   : 63
SINO                 : 65
VARS                 : 51
error                : 

Nonterminals, with rules where they appear

ASIGNA               : 21
CICLO                : 23
CONDICION            : 22
CTE                  : 45
CUERPO               : 1 14 62 63 65
ESTATUTO             : 8 26
EXP                  : 27 29 30 31 32 33 34
EXPRESION            : 9 39 48 50 59 62 63
FACTOR               : 36 37 38
FUNCS                : 5
IMPRIME              : 25
LLAMADA              : 24 40
TERMINO              : 33 34 35 36 37
TIPO                 : 16 18 52
VARS_sect            : 3
args                 : 46
argsCycle            : 48 50
commaCycleFuncs      : 18
cycleEst             : 6 8
cycleFuncs           : 1 5
cycleID              : 52 54
cycleImp             : 57 61
cycleP_VARS          : 52
imp                  : 57 61
p_Follow             : 14 20
p_VARS               : 51 56
programa             : 0
signsExp             : 27
sinoCuerpo           : 63
skipID               : 41 42 43
skipVars             : 1 14
typeNull             : 14

Parsing method: LALR

state 0

    (0) S' -> . programa
    (1) programa -> . PROGRAMA ID SEMICOLON skipVars cycleFuncs INICIO CUERPO FIN

    PROGRAMA        shift and go to state 2

    programa                       shift and go to state 1

state 1

    (0) S' -> programa .



state 2

    (1) programa -> PROGRAMA . ID SEMICOLON skipVars cycleFuncs INICIO CUERPO FIN

    ID              shift and go to state 3


state 3

    (1) programa -> PROGRAMA ID . SEMICOLON skipVars cycleFuncs INICIO CUERPO FIN

    SEMICOLON       shift and go to state 4


state 4

    (1) programa -> PROGRAMA ID SEMICOLON . skipVars cycleFuncs INICIO CUERPO FIN
    (2) skipVars -> .
    (3) skipVars -> . VARS_sect
    (51) VARS_sect -> . VARS p_VARS

    NULA            reduce using rule 2 (skipVars -> .)
    ENTERO          reduce using rule 2 (skipVars -> .)
    FLOTANTE        reduce using rule 2 (skipVars -> .)
    INICIO          reduce using rule 2 (skipVars -> .)
    VARS            shift and go to state 7

    skipVars                       shift and go to state 5
    VARS_sect                      shift and go to state 6

state 5

    (1) programa -> PROGRAMA ID SEMICOLON skipVars . cycleFuncs INICIO CUERPO FIN
    (4) cycleFuncs -> .
    (5) cycleFuncs -> . FUNCS cycleFuncs
    (14) FUNCS -> . typeNull ID LEFTPAREN p_Follow RIGHTPAREN LEFTBRACE skipVars CUERPO RIGHTBRACE SEMICOLON
    (15) typeNull -> . NULA
    (16) typeNull -> . TIPO
    (12) TIPO -> . ENTERO
    (13) TIPO -> . FLOTANTE

    INICIO          reduce using rule 4 (cycleFuncs -> .)
    NULA            shift and go to state 11
    ENTERO          shift and go to state 13
    FLOTANTE        shift and go to state 14

    cycleFuncs                     shift and go to state 8
    FUNCS                          shift and go to state 9
    typeNull                       shift and go to state 10
    TIPO                           shift and go to state 12

state 6

    (3) skipVars -> VARS_sect .

    NULA            reduce using rule 3 (skipVars -> VARS_sect .)
    ENTERO          reduce using rule 3 (skipVars -> VARS_sect .)
    FLOTANTE        reduce using rule 3 (skipVars -> VARS_sect .)
    INICIO          reduce using rule 3 (skipVars -> VARS_sect .)
    LEFTBRACE       reduce using rule 3 (skipVars -> VARS_sect .)


state 7

    (51) VARS_sect -> VARS . p_VARS
    (52) p_VARS -> . ID cycleID COLON TIPO SEMICOLON cycleP_VARS

    ID              shift and go to state 16

    p_VARS                         shift and go to state 15

state 8

    (1) programa -> PROGRAMA ID SEMICOLON skipVars cycleFuncs . INICIO CUERPO FIN

    INICIO          shift and go to state 17


state 9

    (5) cycleFuncs -> FUNCS . cycleFuncs
    (4) cycleFuncs -> .
    (5) cycleFuncs -> . FUNCS cycleFuncs
    (14) FUNCS -> . typeNull ID LEFTPAREN p_Follow RIGHTPAREN LEFTBRACE skipVars CUERPO RIGHTBRACE SEMICOLON
    (15) typeNull -> . NULA
    (16) typeNull -> . TIPO
    (12) TIPO -> . ENTERO
    (13) TIPO -> . FLOTANTE

    INICIO          reduce using rule 4 (cycleFuncs -> .)
    NULA            shift and go to state 11
    ENTERO          shift and go to state 13
    FLOTANTE        shift and go to state 14

    FUNCS                          shift and go to state 9
    cycleFuncs                     shift and go to state 18
    typeNull                       shift and go to state 10
    TIPO                           shift and go to state 12

state 10

    (14) FUNCS -> typeNull . ID LEFTPAREN p_Follow RIGHTPAREN LEFTBRACE skipVars CUERPO RIGHTBRACE SEMICOLON

    ID              shift and go to state 19


state 11

    (15) typeNull -> NULA .

    ID              reduce using rule 15 (typeNull -> NULA .)


state 12

    (16) typeNull -> TIPO .

    ID              reduce using rule 16 (typeNull -> TIPO .)


state 13

    (12) TIPO -> ENTERO .

    ID              reduce using rule 12 (TIPO -> ENTERO .)
    SEMICOLON       reduce using rule 12 (TIPO -> ENTERO .)
    COMMA           reduce using rule 12 (TIPO -> ENTERO .)
    RIGHTPAREN      reduce using rule 12 (TIPO -> ENTERO .)


state 14

    (13) TIPO -> FLOTANTE .

    ID              reduce using rule 13 (TIPO -> FLOTANTE .)
    SEMICOLON       reduce using rule 13 (TIPO -> FLOTANTE .)
    COMMA           reduce using rule 13 (TIPO -> FLOTANTE .)
    RIGHTPAREN      reduce using rule 13 (TIPO -> FLOTANTE .)


state 15

    (51) VARS_sect -> VARS p_VARS .

    NULA            reduce using rule 51 (VARS_sect -> VARS p_VARS .)
    ENTERO          reduce using rule 51 (VARS_sect -> VARS p_VARS .)
    FLOTANTE        reduce using rule 51 (VARS_sect -> VARS p_VARS .)
    INICIO          reduce using rule 51 (VARS_sect -> VARS p_VARS .)
    LEFTBRACE       reduce using rule 51 (VARS_sect -> VARS p_VARS .)


state 16

    (52) p_VARS -> ID . cycleID COLON TIPO SEMICOLON cycleP_VARS
    (53) cycleID -> .
    (54) cycleID -> . COMMA ID cycleID

    COLON           reduce using rule 53 (cycleID -> .)
    COMMA           shift and go to state 21

    cycleID                        shift and go to state 20

state 17

    (1) programa -> PROGRAMA ID SEMICOLON skipVars cycleFuncs INICIO . CUERPO FIN
    (6) CUERPO -> . LEFTBRACE cycleEst RIGHTBRACE

    LEFTBRACE       shift and go to state 23

    CUERPO                         shift and go to state 22

state 18

    (5) cycleFuncs -> FUNCS cycleFuncs .

    INICIO          reduce using rule 5 (cycleFuncs -> FUNCS cycleFuncs .)


state 19

    (14) FUNCS -> typeNull ID . LEFTPAREN p_Follow RIGHTPAREN LEFTBRACE skipVars CUERPO RIGHTBRACE SEMICOLON

    LEFTPAREN       shift and go to state 24


state 20

    (52) p_VARS -> ID cycleID . COLON TIPO SEMICOLON cycleP_VARS

    COLON           shift and go to state 25


state 21

    (54) cycleID -> COMMA . ID cycleID

    ID              shift and go to state 26


state 22

    (1) programa -> PROGRAMA ID SEMICOLON skipVars cycleFuncs INICIO CUERPO . FIN

    FIN             shift and go to state 27


state 23

    (6) CUERPO -> LEFTBRACE . cycleEst RIGHTBRACE
    (7) cycleEst -> .
    (8) cycleEst -> . ESTATUTO cycleEst
    (21) ESTATUTO -> . ASIGNA
    (22) ESTATUTO -> . CONDICION
    (23) ESTATUTO -> . CICLO
    (24) ESTATUTO -> . LLAMADA SEMICOLON
    (25) ESTATUTO -> . IMPRIME
    (26) ESTATUTO -> . LEFTBRACKET ESTATUTO RIGHTBRACKET
    (9) ASIGNA -> . ID ASSIGN EXPRESION SEMICOLON
    (63) CONDICION -> . SI LEFTPAREN EXPRESION RIGHTPAREN HAZ CUERPO sinoCuerpo SEMICOLON
    (62) CICLO -> . MIENTRAS LEFTPAREN EXPRESION RIGHTPAREN HAZ CUERPO SEMICOLON
    (46) LLAMADA -> . ID LEFTPAREN args RIGHTPAREN
    (57) IMPRIME -> . ESCRIBE LEFTPAREN imp cycleImp RIGHTPAREN SEMICOLON

    RIGHTBRACE      reduce using rule 7 (cycleEst -> .)
    LEFTBRACKET     shift and go to state 35
    ID              shift and go to state 36
    SI              shift and go to state 37
    MIENTRAS        shift and go to state 38
    ESCRIBE         shift and go to state 39

    cycleEst                       shift and go to state 28
    ESTATUTO                       shift and go to state 29
    ASIGNA                         shift and go to state 30
    CONDICION                      shift and go to state 31
    CICLO                          shift and go to state 32
    LLAMADA                        shift and go to state 33
    IMPRIME                        shift and go to state 34

state 24

    (14) FUNCS -> typeNull ID LEFTPAREN . p_Follow RIGHTPAREN LEFTBRACE skipVars CUERPO RIGHTBRACE SEMICOLON
    (17) p_Follow -> .
    (18) p_Follow -> . ID COLON TIPO commaCycleFuncs

    RIGHTPAREN      reduce using rule 17 (p_Follow -> .)
    ID              shift and go to state 40

    p_Follow                       shift and go to state 41

state 25

    (52) p_VARS -> ID cycleID COLON . TIPO SEMICOLON cycleP_VARS
    (12) TIPO -> . ENTERO
    (13) TIPO -> . FLOTANTE

    ENTERO          shift and go to state 13
    FLOTANTE        shift and go to state 14

    TIPO                           shift and go to state 42

state 26

    (54) cycleID -> COMMA ID . cycleID
    (53) cycleID -> .
    (54) cycleID -> . COMMA ID cycleID

    COLON           reduce using rule 53 (cycleID -> .)
    COMMA           shift and go to state 21

    cycleID                        shift and go to state 43

state 27

    (1) programa -> PROGRAMA ID SEMICOLON skipVars cycleFuncs INICIO CUERPO FIN .

    $end            reduce using rule 1 (programa -> PROGRAMA ID SEMICOLON skipVars cycleFuncs INICIO CUERPO FIN .)


state 28

    (6) CUERPO -> LEFTBRACE cycleEst . RIGHTBRACE

    RIGHTBRACE      shift and go to state 44


state 29

    (8) cycleEst -> ESTATUTO . cycleEst
    (7) cycleEst -> .
    (8) cycleEst -> . ESTATUTO cycleEst
    (21) ESTATUTO -> . ASIGNA
    (22) ESTATUTO -> . CONDICION
    (23) ESTATUTO -> . CICLO
    (24) ESTATUTO -> . LLAMADA SEMICOLON
    (25) ESTATUTO -> . IMPRIME
    (26) ESTATUTO -> . LEFTBRACKET ESTATUTO RIGHTBRACKET
    (9) ASIGNA -> . ID ASSIGN EXPRESION SEMICOLON
    (63) CONDICION -> . SI LEFTPAREN EXPRESION RIGHTPAREN HAZ CUERPO sinoCuerpo SEMICOLON
    (62) CICLO -> . MIENTRAS LEFTPAREN EXPRESION RIGHTPAREN HAZ CUERPO SEMICOLON
    (46) LLAMADA -> . ID LEFTPAREN args RIGHTPAREN
    (57) IMPRIME -> . ESCRIBE LEFTPAREN imp cycleImp RIGHTPAREN SEMICOLON

    RIGHTBRACE      reduce using rule 7 (cycleEst -> .)
    LEFTBRACKET     shift and go to state 35
    ID              shift and go to state 36
    SI              shift and go to state 37
    MIENTRAS        shift and go to state 38
    ESCRIBE         shift and go to state 39

    ESTATUTO                       shift and go to state 29
    cycleEst                       shift and go to state 45
    ASIGNA                         shift and go to state 30
    CONDICION                      shift and go to state 31
    CICLO                          shift and go to state 32
    LLAMADA                        shift and go to state 33
    IMPRIME                        shift and go to state 34

state 30

    (21) ESTATUTO -> ASIGNA .

    LEFTBRACKET     reduce using rule 21 (ESTATUTO -> ASIGNA .)
    ID              reduce using rule 21 (ESTATUTO -> ASIGNA .)
    SI              reduce using rule 21 (ESTATUTO -> ASIGNA .)
    MIENTRAS        reduce using rule 21 (ESTATUTO -> ASIGNA .)
    ESCRIBE         reduce using rule 21 (ESTATUTO -> ASIGNA .)
    RIGHTBRACE      reduce using rule 21 (ESTATUTO -> ASIGNA .)
    RIGHTBRACKET    reduce using rule 21 (ESTATUTO -> ASIGNA .)


state 31

    (22) ESTATUTO -> CONDICION .

    LEFTBRACKET     reduce using rule 22 (ESTATUTO -> CONDICION .)
    ID              reduce using rule 22 (ESTATUTO -> CONDICION .)
    SI              reduce using rule 22 (ESTATUTO -> CONDICION .)
    MIENTRAS        reduce using rule 22 (ESTATUTO -> CONDICION .)
    ESCRIBE         reduce using rule 22 (ESTATUTO -> CONDICION .)
    RIGHTBRACE      reduce using rule 22 (ESTATUTO -> CONDICION .)
    RIGHTBRACKET    reduce using rule 22 (ESTATUTO -> CONDICION .)


state 32

    (23) ESTATUTO -> CICLO .

    LEFTBRACKET     reduce using rule 23 (ESTATUTO -> CICLO .)
    ID              reduce using rule 23 (ESTATUTO -> CICLO .)
    SI              reduce using rule 23 (ESTATUTO -> CICLO .)
    MIENTRAS        reduce using rule 23 (ESTATUTO -> CICLO .)
    ESCRIBE         reduce using rule 23 (ESTATUTO -> CICLO .)
    RIGHTBRACE      reduce using rule 23 (ESTATUTO -> CICLO .)
    RIGHTBRACKET    reduce using rule 23 (ESTATUTO -> CICLO .)


state 33

    (24) ESTATUTO -> LLAMADA . SEMICOLON

    SEMICOLON       shift and go to state 46


state 34

    (25) ESTATUTO -> IMPRIME .

    LEFTBRACKET     reduce using rule 25 (ESTATUTO -> IMPRIME .)
    ID              reduce using rule 25 (ESTATUTO -> IMPRIME .)
    SI              reduce using rule 25 (ESTATUTO -> IMPRIME .)
    MIENTRAS        reduce using rule 25 (ESTATUTO -> IMPRIME .)
    ESCRIBE         reduce using rule 25 (ESTATUTO -> IMPRIME .)
    RIGHTBRACE      reduce using rule 25 (ESTATUTO -> IMPRIME .)
    RIGHTBRACKET    reduce using rule 25 (ESTATUTO -> IMPRIME .)


state 35

    (26) ESTATUTO -> LEFTBRACKET . ESTATUTO RIGHTBRACKET
    (21) ESTATUTO -> . ASIGNA
    (22) ESTATUTO -> . CONDICION
    (23) ESTATUTO -> . CICLO
    (24) ESTATUTO -> . LLAMADA SEMICOLON
    (25) ESTATUTO -> . IMPRIME
    (26) ESTATUTO -> . LEFTBRACKET ESTATUTO RIGHTBRACKET
    (9) ASIGNA -> . ID ASSIGN EXPRESION SEMICOLON
    (63) CONDICION -> . SI LEFTPAREN EXPRESION RIGHTPAREN HAZ CUERPO sinoCuerpo SEMICOLON
    (62) CICLO -> . MIENTRAS LEFTPAREN EXPRESION RIGHTPAREN HAZ CUERPO SEMICOLON
    (46) LLAMADA -> . ID LEFTPAREN args RIGHTPAREN
    (57) IMPRIME -> . ESCRIBE LEFTPAREN imp cycleImp RIGHTPAREN SEMICOLON

    LEFTBRACKET     shift and go to state 35
    ID              shift and go to state 36
    SI              shift and go to state 37
    MIENTRAS        shift and go to state 38
    ESCRIBE         shift and go to state 39

    ESTATUTO                       shift and go to state 47
    ASIGNA                         shift and go to state 30
    CONDICION                      shift and go to state 31
    CICLO                          shift and go to state 32
    LLAMADA                        shift and go to state 33
    IMPRIME                        shift and go to state 34

state 36

    (9) ASIGNA -> ID . ASSIGN EXPRESION SEMICOLON
    (46) LLAMADA -> ID . LEFTPAREN args RIGHTPAREN

    ASSIGN          shift and go to state 48
    LEFTPAREN       shift and go to state 49


state 37

    (63) CONDICION -> SI . LEFTPAREN EXPRESION RIGHTPAREN HAZ CUERPO sinoCuerpo SEMICOLON

    LEFTPAREN       shift and go to state 50


state 38

    (62) CICLO -> MIENTRAS . LEFTPAREN EXPRESION RIGHTPAREN HAZ CUERPO SEMICOLON

    LEFTPAREN       shift and go to state 51


state 39

    (57) IMPRIME -> ESCRIBE . LEFTPAREN imp cycleImp RIGHTPAREN SEMICOLON

    LEFTPAREN       shift and go to state 52


state 40

    (18) p_Follow -> ID . COLON TIPO commaCycleFuncs

    COLON           shift and go to state 53


state 41

    (14) FUNCS -> typeNull ID LEFTPAREN p_Follow . RIGHTPAREN LEFTBRACE skipVars CUERPO RIGHTBRACE SEMICOLON

    RIGHTPAREN      shift and go to state 54


state 42

    (52) p_VARS -> ID cycleID COLON TIPO . SEMICOLON cycleP_VARS

    SEMICOLON       shift and go to state 55


state 43

    (54) cycleID -> COMMA ID cycleID .

    COLON           reduce using rule 54 (cycleID -> COMMA ID cycleID .)


state 44

    (6) CUERPO -> LEFTBRACE cycleEst RIGHTBRACE .

    FIN             reduce using rule 6 (CUERPO -> LEFTBRACE cycleEst RIGHTBRACE .)
    RIGHTBRACE      reduce using rule 6 (CUERPO -> LEFTBRACE cycleEst RIGHTBRACE .)
    SINO            reduce using rule 6 (CUERPO -> LEFTBRACE cycleEst RIGHTBRACE .)
    SEMICOLON       reduce using rule 6 (CUERPO -> LEFTBRACE cycleEst RIGHTBRACE .)


state 45

    (8) cycleEst -> ESTATUTO cycleEst .

    RIGHTBRACE      reduce using rule 8 (cycleEst -> ESTATUTO cycleEst .)


state 46

    (24) ESTATUTO -> LLAMADA SEMICOLON .

    LEFTBRACKET     reduce using rule 24 (ESTATUTO -> LLAMADA SEMICOLON .)
    ID              reduce using rule 24 (ESTATUTO -> LLAMADA SEMICOLON .)
    SI              reduce using rule 24 (ESTATUTO -> LLAMADA SEMICOLON .)
    MIENTRAS        reduce using rule 24 (ESTATUTO -> LLAMADA SEMICOLON .)
    ESCRIBE         reduce using rule 24 (ESTATUTO -> LLAMADA SEMICOLON .)
    RIGHTBRACE      reduce using rule 24 (ESTATUTO -> LLAMADA SEMICOLON .)
    RIGHTBRACKET    reduce using rule 24 (ESTATUTO -> LLAMADA SEMICOLON .)


state 47

    (26) ESTATUTO -> LEFTBRACKET ESTATUTO . RIGHTBRACKET

    RIGHTBRACKET    shift and go to state 56


state 48

    (9) ASIGNA -> ID ASSIGN . EXPRESION SEMICOLON
    (27) EXPRESION -> . EXP signsExp
    (33) EXP -> . EXP PLUS TERMINO
    (34) EXP -> . EXP MINUS TERMINO
    (35) EXP -> . TERMINO
    (36) TERMINO -> . TERMINO MULT FACTOR
    (37) TERMINO -> . TERMINO DIVIDE FACTOR
    (38) TERMINO -> . FACTOR
    (39) FACTOR -> . LEFTPAREN EXPRESION RIGHTPAREN
    (40) FACTOR -> . LLAMADA
    (41) FACTOR -> . PLUS skipID
    (42) FACTOR -> . MINUS skipID
    (43) FACTOR -> . skipID
    (46) LLAMADA -> . ID LEFTPAREN args RIGHTPAREN
    (44) skipID -> . ID
    (45) skipID -> . CTE
    (10) CTE -> . CTE_ENT
    (11) CTE -> . CTE_FLOAT

    LEFTPAREN       shift and go to state 64
    PLUS            shift and go to state 60
    MINUS           shift and go to state 62
    ID              shift and go to state 57
    CTE_ENT         shift and go to state 68
    CTE_FLOAT       shift and go to state 69

    EXPRESION                      shift and go to state 58
    EXP                            shift and go to state 59
    TERMINO                        shift and go to state 61
    FACTOR                         shift and go to state 63
    LLAMADA                        shift and go to state 65
    skipID                         shift and go to state 66
    CTE                            shift and go to state 67

state 49

    (46) LLAMADA -> ID LEFTPAREN . args RIGHTPAREN
    (47) args -> .
    (48) args -> . EXPRESION argsCycle
    (27) EXPRESION -> . EXP signsExp
    (33) EXP -> . EXP PLUS TERMINO
    (34) EXP -> . EXP MINUS TERMINO
    (35) EXP -> . TERMINO
    (36) TERMINO -> . TERMINO MULT FACTOR
    (37) TERMINO -> . TERMINO DIVIDE FACTOR
    (38) TERMINO -> . FACTOR
    (39) FACTOR -> . LEFTPAREN EXPRESION RIGHTPAREN
    (40) FACTOR -> . LLAMADA
    (41) FACTOR -> . PLUS skipID
    (42) FACTOR -> . MINUS skipID
    (43) FACTOR -> . skipID
    (46) LLAMADA -> . ID LEFTPAREN args RIGHTPAREN
    (44) skipID -> . ID
    (45) skipID -> . CTE
    (10) CTE -> . CTE_ENT
    (11) CTE -> . CTE_FLOAT

    RIGHTPAREN      reduce using rule 47 (args -> .)
    LEFTPAREN       shift and go to state 64
    PLUS            shift and go to state 60
    MINUS           shift and go to state 62
    ID              shift and go to state 57
    CTE_ENT         shift and go to state 68
    CTE_FLOAT       shift and go to state 69

    args                           shift and go to state 70
    EXPRESION                      shift and go to state 71
    EXP                            shift and go to state 59
    TERMINO                        shift and go to state 61
    FACTOR                         shift and go to state 63
    LLAMADA                        shift and go to state 65
    skipID                         shift and go to state 66
    CTE                            shift and go to state 67

state 50

    (63) CONDICION -> SI LEFTPAREN . EXPRESION RIGHTPAREN HAZ CUERPO sinoCuerpo SEMICOLON
    (27) EXPRESION -> . EXP signsExp
    (33) EXP -> . EXP PLUS TERMINO
    (34) EXP -> . EXP MINUS TERMINO
    (35) EXP -> . TERMINO
    (36) TERMINO -> . TERMINO MULT FACTOR
    (37) TERMINO -> . TERMINO DIVIDE FACTOR
    (38) TERMINO -> . FACTOR
    (39) FACTOR -> . LEFTPAREN EXPRESION RIGHTPAREN
    (40) FACTOR -> . LLAMADA
    (41) FACTOR -> . PLUS skipID
    (42) FACTOR -> . MINUS skipID
    (43) FACTOR -> . skipID
    (46) LLAMADA -> . ID LEFTPAREN args RIGHTPAREN
    (44) skipID -> . ID
    (45) skipID -> . CTE
    (10) CTE -> . CTE_ENT
    (11) CTE -> . CTE_FLOAT

    LEFTPAREN       shift and go to state 64
    PLUS            shift and go to state 60
    MINUS           shift and go to state 62
    ID              shift and go to state 57
    CTE_ENT         shift and go to state 68
    CTE_FLOAT       shift and go to state 69

    EXPRESION                      shift and go to state 72
    EXP                            shift and go to state 59
    TERMINO                        shift and go to state 61
    FACTOR                         shift and go to state 63
    LLAMADA                        shift and go to state 65
    skipID                         shift and go to state 66
    CTE                            shift and go to state 67

state 51

    (62) CICLO -> MIENTRAS LEFTPAREN . EXPRESION RIGHTPAREN HAZ CUERPO SEMICOLON
    (27) EXPRESION -> . EXP signsExp
    (33) EXP -> . EXP PLUS TERMINO
    (34) EXP -> . EXP MINUS TERMINO
    (35) EXP -> . TERMINO
    (36) TERMINO -> . TERMINO MULT FACTOR
    (37) TERMINO -> . TERMINO DIVIDE FACTOR
    (38) TERMINO -> . FACTOR
    (39) FACTOR -> . LEFTPAREN EXPRESION RIGHTPAREN
    (40) FACTOR -> . LLAMADA
    (41) FACTOR -> . PLUS skipID
    (42) FACTOR -> . MINUS skipID
    (43) FACTOR -> . skipID
    (46) LLAMADA -> . ID LEFTPAREN args RIGHTPAREN
    (44) skipID -> . ID
    (45) skipID -> . CTE
    (10) CTE -> . CTE_ENT
    (11) CTE -> . CTE_FLOAT

    LEFTPAREN       shift and go to state 64
    PLUS            shift and go to state 60
    MINUS           shift and go to state 62
    ID              shift and go to state 57
    CTE_ENT         shift and go to state 68
    CTE_FLOAT       shift and go to state 69

    EXPRESION                      shift and go to state 73
    EXP                            shift and go to state 59
    TERMINO                        shift and go to state 61
    FACTOR                         shift and go to state 63
    LLAMADA                        shift and go to state 65
    skipID                         shift and go to state 66
    CTE                            shift and go to state 67

state 52

    (57) IMPRIME -> ESCRIBE LEFTPAREN . imp cycleImp RIGHTPAREN SEMICOLON
    (58) imp -> . LETRERO
    (59) imp -> . EXPRESION
    (27) EXPRESION -> . EXP signsExp
    (33) EXP -> . EXP PLUS TERMINO
    (34) EXP -> . EXP MINUS TERMINO
    (35) EXP -> . TERMINO
    (36) TERMINO -> . TERMINO MULT FACTOR
    (37) TERMINO -> . TERMINO DIVIDE FACTOR
    (38) TERMINO -> . FACTOR
    (39) FACTOR -> . LEFTPAREN EXPRESION RIGHTPAREN
    (40) FACTOR -> . LLAMADA
    (41) FACTOR -> . PLUS skipID
    (42) FACTOR -> . MINUS skipID
    (43) FACTOR -> . skipID
    (46) LLAMADA -> . ID LEFTPAREN args RIGHTPAREN
    (44) skipID -> . ID
    (45) skipID -> . CTE
    (10) CTE -> . CTE_ENT
    (11) CTE -> . CTE_FLOAT

    LETRERO         shift and go to state 75
    LEFTPAREN       shift and go to state 64
    PLUS            shift and go to state 60
    MINUS           shift and go to state 62
    ID              shift and go to state 57
    CTE_ENT         shift and go to state 68
    CTE_FLOAT       shift and go to state 69

    imp                            shift and go to state 74
    EXPRESION                      shift and go to state 76
    EXP                            shift and go to state 59
    TERMINO                        shift and go to state 61
    FACTOR                         shift and go to state 63
    LLAMADA                        shift and go to state 65
    skipID                         shift and go to state 66
    CTE                            shift and go to state 67

state 53

    (18) p_Follow -> ID COLON . TIPO commaCycleFuncs
    (12) TIPO -> . ENTERO
    (13) TIPO -> . FLOTANTE

    ENTERO          shift and go to state 13
    FLOTANTE        shift and go to state 14

    TIPO                           shift and go to state 77

state 54

    (14) FUNCS -> typeNull ID LEFTPAREN p_Follow RIGHTPAREN . LEFTBRACE skipVars CUERPO RIGHTBRACE SEMICOLON

    LEFTBRACE       shift and go to state 78


state 55

    (52) p_VARS -> ID cycleID COLON TIPO SEMICOLON . cycleP_VARS
    (55) cycleP_VARS -> .
    (56) cycleP_VARS -> . p_VARS
    (52) p_VARS -> . ID cycleID COLON TIPO SEMICOLON cycleP_VARS

    NULA            reduce using rule 55 (cycleP_VARS -> .)
    ENTERO          reduce using rule 55 (cycleP_VARS -> .)
    FLOTANTE        reduce using rule 55 (cycleP_VARS -> .)
    INICIO          reduce using rule 55 (cycleP_VARS -> .)
    LEFTBRACE       reduce using rule 55 (cycleP_VARS -> .)
    ID              shift and go to state 16

    cycleP_VARS                    shift and go to state 79
    p_VARS                         shift and go to state 80

state 56

    (26) ESTATUTO -> LEFTBRACKET ESTATUTO RIGHTBRACKET .

    LEFTBRACKET     reduce using rule 26 (ESTATUTO -> LEFTBRACKET ESTATUTO RIGHTBRACKET .)
    ID              reduce using rule 26 (ESTATUTO -> LEFTBRACKET ESTATUTO RIGHTBRACKET .)
    SI              reduce using rule 26 (ESTATUTO -> LEFTBRACKET ESTATUTO RIGHTBRACKET .)
    MIENTRAS        reduce using rule 26 (ESTATUTO -> LEFTBRACKET ESTATUTO RIGHTBRACKET .)
    ESCRIBE         reduce using rule 26 (ESTATUTO -> LEFTBRACKET ESTATUTO RIGHTBRACKET .)
    RIGHTBRACE      reduce using rule 26 (ESTATUTO -> LEFTBRACKET ESTATUTO RIGHTBRACKET .)
    RIGHTBRACKET    reduce using rule 26 (ESTATUTO -> LEFTBRACKET ESTATUTO RIGHTBRACKET .)


state 57

    (46) LLAMADA -> ID . LEFTPAREN args RIGHTPAREN
    (44) skipID -> ID .

    LEFTPAREN       shift and go to state 49
    MULT            reduce using rule 44 (skipID -> ID .)
    DIVIDE          reduce using rule 44 (skipID -> ID .)
    PLUS            reduce using rule 44 (skipID -> ID .)
    MINUS           reduce using rule 44 (skipID -> ID .)
    GREATERTHAN     reduce using rule 44 (skipID -> ID .)
    LESSTHAN        reduce using rule 44 (skipID -> ID .)
    EQUAL           reduce using rule 44 (skipID -> ID .)
    NOTEQ           reduce using rule 44 (skipID -> ID .)
    SEMICOLON       reduce using rule 44 (skipID -> ID .)
    COMMA           reduce using rule 44 (skipID -> ID .)
    RIGHTPAREN      reduce using rule 44 (skipID -> ID .)


state 58

    (9) ASIGNA -> ID ASSIGN EXPRESION . SEMICOLON

    SEMICOLON       shift and go to state 81


state 59

    (27) EXPRESION -> EXP . signsExp
    (33) EXP -> EXP . PLUS TERMINO
    (34) EXP -> EXP . MINUS TERMINO
    (28) signsExp -> .
    (29) signsExp -> . GREATERTHAN EXP
    (30) signsExp -> . LESSTHAN EXP
    (31) signsExp -> . EQUAL EXP
    (32) signsExp -> . NOTEQ EXP

    PLUS            shift and go to state 83
    MINUS           shift and go to state 84
    SEMICOLON       reduce using rule 28 (signsExp -> .)
    COMMA           reduce using rule 28 (signsExp -> .)
    RIGHTPAREN      reduce using rule 28 (signsExp -> .)
    GREATERTHAN     shift and go to state 85
    LESSTHAN        shift and go to state 86
    EQUAL           shift and go to state 87
    NOTEQ           shift and go to state 88

    signsExp                       shift and go to state 82

state 60

    (41) FACTOR -> PLUS . skipID
    (44) skipID -> . ID
    (45) skipID -> . CTE
    (10) CTE -> . CTE_ENT
    (11) CTE -> . CTE_FLOAT

    ID              shift and go to state 90
    CTE_ENT         shift and go to state 68
    CTE_FLOAT       shift and go to state 69

    skipID                         shift and go to state 89
    CTE                            shift and go to state 67

state 61

    (35) EXP -> TERMINO .
    (36) TERMINO -> TERMINO . MULT FACTOR
    (37) TERMINO -> TERMINO . DIVIDE FACTOR

    PLUS            reduce using rule 35 (EXP -> TERMINO .)
    MINUS           reduce using rule 35 (EXP -> TERMINO .)
    GREATERTHAN     reduce using rule 35 (EXP -> TERMINO .)
    LESSTHAN        reduce using rule 35 (EXP -> TERMINO .)
    EQUAL           reduce using rule 35 (EXP -> TERMINO .)
    NOTEQ           reduce using rule 35 (EXP -> TERMINO .)
    SEMICOLON       reduce using rule 35 (EXP -> TERMINO .)
    COMMA           reduce using rule 35 (EXP -> TERMINO .)
    RIGHTPAREN      reduce using rule 35 (EXP -> TERMINO .)
    MULT            shift and go to state 91
    DIVIDE          shift and go to state 92


state 62

    (42) FACTOR -> MINUS . skipID
    (44) skipID -> . ID
    (45) skipID -> . CTE
    (10) CTE -> . CTE_ENT
    (11) CTE -> . CTE_FLOAT

    ID              shift and go to state 90
    CTE_ENT         shift and go to state 68
    CTE_FLOAT       shift and go to state 69

    skipID                         shift and go to state 93
    CTE                            shift and go to state 67

state 63

    (38) TERMINO -> FACTOR .

    MULT            reduce using rule 38 (TERMINO -> FACTOR .)
    DIVIDE          reduce using rule 38 (TERMINO -> FACTOR .)
    PLUS            reduce using rule 38 (TERMINO -> FACTOR .)
    MINUS           reduce using rule 38 (TERMINO -> FACTOR .)
    GREATERTHAN     reduce using rule 38 (TERMINO -> FACTOR .)
    LESSTHAN        reduce using rule 38 (TERMINO -> FACTOR .)
    EQUAL           reduce using rule 38 (TERMINO -> FACTOR .)
    NOTEQ           reduce using rule 38 (TERMINO -> FACTOR .)
    SEMICOLON       reduce using rule 38 (TERMINO -> FACTOR .)
    COMMA           reduce using rule 38 (TERMINO -> FACTOR .)
    RIGHTPAREN      reduce using rule 38 (TERMINO -> FACTOR .)


state 64

    (39) FACTOR -> LEFTPAREN . EXPRESION RIGHTPAREN
    (27) EXPRESION -> . EXP signsExp
    (33) EXP -> . EXP PLUS TERMINO
    (34) EXP -> . EXP MINUS TERMINO
    (35) EXP -> . TERMINO
    (36) TERMINO -> . TERMINO MULT FACTOR
    (37) TERMINO -> . TERMINO DIVIDE FACTOR
    (38) TERMINO -> . FACTOR
    (39) FACTOR -> . LEFTPAREN EXPRESION RIGHTPAREN
    (40) FACTOR -> . LLAMADA
    (41) FACTOR -> . PLUS skipID
    (42) FACTOR -> . MINUS skipID
    (43) FACTOR -> . skipID
    (46) LLAMADA -> . ID LEFTPAREN args RIGHTPAREN
    (44) skipID -> . ID
    (45) skipID -> . CTE
    (10) CTE -> . CTE_ENT
    (11) CTE -> . CTE_FLOAT

    LEFTPAREN       shift and go to state 64
    PLUS            shift and go to state 60
    MINUS           shift and go to state 62
    ID              shift and go to state 57
    CTE_ENT         shift and go to state 68
    CTE_FLOAT       shift and go to state 69

    EXPRESION                      shift and go to state 94
    EXP                            shift and go to state 59
    TERMINO                        shift and go to state 61
    FACTOR                         shift and go to state 63
    LLAMADA                        shift and go to state 65
    skipID                         shift and go to state 66
    CTE                            shift and go to state 67

state 65

    (40) FACTOR -> LLAMADA .

    MULT            reduce using rule 40 (FACTOR -> LLAMADA .)
    DIVIDE          reduce using rule 40 (FACTOR -> LLAMADA .)
    PLUS            reduce using rule 40 (FACTOR -> LLAMADA .)
    MINUS           reduce using rule 40 (FACTOR -> LLAMADA .)
    GREATERTHAN     reduce using rule 40 (FACTOR -> LLAMADA .)
    LESSTHAN        reduce using rule 40 (FACTOR -> LLAMADA .)
    EQUAL           reduce using rule 40 (FACTOR -> LLAMADA .)
    NOTEQ           reduce using rule 40 (FACTOR -> LLAMADA .)
    SEMICOLON       reduce using rule 40 (FACTOR -> LLAMADA .)
    COMMA           reduce using rule 40 (FACTOR -> LLAMADA .)
    RIGHTPAREN      reduce using rule 40 (FACTOR -> LLAMADA .)


state 66

    (43) FACTOR -> skipID .

    MULT            reduce using rule 43 (FACTOR -> skipID .)
    DIVIDE          reduce using rule 43 (FACTOR -> skipID .)
    PLUS            reduce using rule 43 (FACTOR -> skipID .)
    MINUS           reduce using rule 43 (FACTOR -> skipID .)
    GREATERTHAN     reduce using rule 43 (FACTOR -> skipID .)
    LESSTHAN        reduce using rule 43 (FACTOR -> skipID .)
    EQUAL           reduce using rule 43 (FACTOR -> skipID .)
    NOTEQ           reduce using rule 43 (FACTOR -> skipID .)
    SEMICOLON       reduce using rule 43 (FACTOR -> skipID .)
    COMMA           reduce using rule 43 (FACTOR -> skipID .)
    RIGHTPAREN      reduce using rule 43 (FACTOR -> skipID .)


state 67

    (45) skipID -> CTE .

    MULT            reduce using rule 45 (skipID -> CTE .)
    DIVIDE          reduce using rule 45 (skipID -> CTE .)
    PLUS            reduce using rule 45 (skipID -> CTE .)
    MINUS           reduce using rule 45 (skipID -> CTE .)
    GREATERTHAN     reduce using rule 45 (skipID -> CTE .)
    LESSTHAN        reduce using rule 45 (skipID -> CTE .)
    EQUAL           reduce using rule 45 (skipID -> CTE .)
    NOTEQ           reduce using rule 45 (skipID -> CTE .)
    SEMICOLON       reduce using rule 45 (skipID -> CTE .)
    COMMA           reduce using rule 45 (skipID -> CTE .)
    RIGHTPAREN      reduce using rule 45 (skipID -> CTE .)


state 68

    (10) CTE -> CTE_ENT .

    MULT            reduce using rule 10 (CTE -> CTE_ENT .)
    DIVIDE          reduce using rule 10 (CTE -> CTE_ENT .)
    PLUS            reduce using rule 10 (CTE -> CTE_ENT .)
    MINUS           reduce using rule 10 (CTE -> CTE_ENT .)
    GREATERTHAN     reduce using rule 10 (CTE -> CTE_ENT .)
    LESSTHAN        reduce using rule 10 (CTE -> CTE_ENT .)
    EQUAL           reduce using rule 10 (CTE -> CTE_ENT .)
    NOTEQ           reduce using rule 10 (CTE -> CTE_ENT .)
    SEMICOLON       reduce using rule 10 (CTE -> CTE_ENT .)
    COMMA           reduce using rule 10 (CTE -> CTE_ENT .)
    RIGHTPAREN      reduce using rule 10 (CTE -> CTE_ENT .)


state 69

    (11) CTE -> CTE_FLOAT .

    MULT            reduce using rule 11 (CTE -> CTE_FLOAT .)
    DIVIDE          reduce using rule 11 (CTE -> CTE_FLOAT .)
    PLUS            reduce using rule 11 (CTE -> CTE_FLOAT .)
    MINUS           reduce using rule 11 (CTE -> CTE_FLOAT .)
    GREATERTHAN     reduce using rule 11 (CTE -> CTE_FLOAT .)
    LESSTHAN        reduce using rule 11 (CTE -> CTE_FLOAT .)
    EQUAL           reduce using rule 11 (CTE -> CTE_FLOAT .)
    NOTEQ           reduce using rule 11 (CTE -> CTE_FLOAT .)
    SEMICOLON       reduce using rule 11 (CTE -> CTE_FLOAT .)
    COMMA           reduce using rule 11 (CTE -> CTE_FLOAT .)
    RIGHTPAREN      reduce using rule 11 (CTE -> CTE_FLOAT .)


state 70

    (46) LLAMADA -> ID LEFTPAREN args . RIGHTPAREN

    RIGHTPAREN      shift and go to state 95


state 71

    (48) args -> EXPRESION . argsCycle
    (49) argsCycle -> .
    (50) argsCycle -> . COMMA EXPRESION argsCycle

    RIGHTPAREN      reduce using rule 49 (argsCycle -> .)
    COMMA           shift and go to state 97

    argsCycle                      shift and go to state 96

state 72

    (63) CONDICION -> SI LEFTPAREN EXPRESION . RIGHTPAREN HAZ CUERPO sinoCuerpo SEMICOLON

    RIGHTPAREN      shift and go to state 98


state 73

    (62) CICLO -> MIENTRAS LEFTPAREN EXPRESION . RIGHTPAREN HAZ CUERPO SEMICOLON

    RIGHTPAREN      shift and go to state 99


state 74

    (57) IMPRIME -> ESCRIBE LEFTPAREN imp . cycleImp RIGHTPAREN SEMICOLON
    (60) cycleImp -> .
    (61) cycleImp -> . COMMA imp cycleImp

    RIGHTPAREN      reduce using rule 60 (cycleImp -> .)
    COMMA           shift and go to state 101

    cycleImp                       shift and go to state 100

state 75

    (58) imp -> LETRERO .

    COMMA           reduce using rule 58 (imp -> LETRERO .)
    RIGHTPAREN      reduce using rule 58 (imp -> LETRERO .)


state 76

    (59) imp -> EXPRESION .

    COMMA           reduce using rule 59 (imp -> EXPRESION .)
    RIGHTPAREN      reduce using rule 59 (imp -> EXPRESION .)


state 77

    (18) p_Follow -> ID COLON TIPO . commaCycleFuncs
    (19) commaCycleFuncs -> .
    (20) commaCycleFuncs -> . COMMA p_Follow

    RIGHTPAREN      reduce using rule 19 (commaCycleFuncs -> .)
    COMMA           shift and go to state 103

    commaCycleFuncs                shift and go to state 102

state 78

    (14) FUNCS -> typeNull ID LEFTPAREN p_Follow RIGHTPAREN LEFTBRACE . skipVars CUERPO RIGHTBRACE SEMICOLON
    (2) skipVars -> .
    (3) skipVars -> . VARS_sect
    (51) VARS_sect -> . VARS p_VARS

    LEFTBRACE       reduce using rule 2 (skipVars -> .)
    VARS            shift and go to state 7

    skipVars                       shift and go to state 104
    VARS_sect                      shift and go to state 6

state 79

    (52) p_VARS -> ID cycleID COLON TIPO SEMICOLON cycleP_VARS .

    NULA            reduce using rule 52 (p_VARS -> ID cycleID COLON TIPO SEMICOLON cycleP_VARS .)
    ENTERO          reduce using rule 52 (p_VARS -> ID cycleID COLON TIPO SEMICOLON cycleP_VARS .)
    FLOTANTE        reduce using rule 52 (p_VARS -> ID cycleID COLON TIPO SEMICOLON cycleP_VARS .)
    INICIO          reduce using rule 52 (p_VARS -> ID cycleID COLON TIPO SEMICOLON cycleP_VARS .)
    LEFTBRACE       reduce using rule 52 (p_VARS -> ID cycleID COLON TIPO SEMICOLON cycleP_VARS .)


state 80

    (56) cycleP_VARS -> p_VARS .

    NULA            reduce using rule 56 (cycleP_VARS -> p_VARS .)
    ENTERO          reduce using rule 56 (cycleP_VARS -> p_VARS .)
    FLOTANTE        reduce using rule 56 (cycleP_VARS -> p_VARS .)
    INICIO          reduce using rule 56 (cycleP_VARS -> p_VARS .)
    LEFTBRACE       reduce using rule 56 (cycleP_VARS -> p_VARS .)


state 81

    (9) ASIGNA -> ID ASSIGN EXPRESION SEMICOLON .

    LEFTBRACKET     reduce using rule 9 (ASIGNA -> ID ASSIGN EXPRESION SEMICOLON .)
    ID              reduce using rule 9 (ASIGNA -> ID ASSIGN EXPRESION SEMICOLON .)
    SI              reduce using rule 9 (ASIGNA -> ID ASSIGN EXPRESION SEMICOLON .)
    MIENTRAS        reduce using rule 9 (ASIGNA -> ID ASSIGN EXPRESION SEMICOLON .)
    ESCRIBE         reduce using rule 9 (ASIGNA -> ID ASSIGN EXPRESION SEMICOLON .)
    RIGHTBRACE      reduce using rule 9 (ASIGNA -> ID ASSIGN EXPRESION SEMICOLON .)
    RIGHTBRACKET    reduce using rule 9 (ASIGNA -> ID ASSIGN EXPRESION SEMICOLON .)


state 82

    (27) EXPRESION -> EXP signsExp .

    SEMICOLON       reduce using rule 27 (EXPRESION -> EXP signsExp .)
    COMMA           reduce using rule 27 (EXPRESION -> EXP signsExp .)
    RIGHTPAREN      reduce using rule 27 (EXPRESION -> EXP signsExp .)


state 83

    (33) EXP -> EXP PLUS . TERMINO
    (36) TERMINO -> . TERMINO MULT FACTOR
    (37) TERMINO -> . TERMINO DIVIDE FACTOR
    (38) TERMINO -> . FACTOR
    (39) FACTOR -> . LEFTPAREN EXPRESION RIGHTPAREN
    (40) FACTOR -> . LLAMADA
    (41) FACTOR -> . PLUS skipID
    (42) FACTOR -> . MINUS skipID
    (43) FACTOR -> . skipID
    (46) LLAMADA -> . ID LEFTPAREN args RIGHTPAREN
    (44) skipID -> . ID
    (45) skipID -> . CTE
    (10) CTE -> . CTE_ENT
    (11) CTE -> . CTE_FLOAT

    LEFTPAREN       shift and go to state 64
    PLUS            shift and go to state 60
    MINUS           shift and go to state 62
    ID              shift and go to state 57
    CTE_ENT         shift and go to state 68
    CTE_FLOAT       shift and go to state 69

    TERMINO                        shift and go to state 105
    FACTOR                         shift and go to state 63
    LLAMADA                        shift and go to state 65
    skipID                         shift and go to state 66
    CTE                            shift and go to state 67

state 84

    (34) EXP -> EXP MINUS . TERMINO
    (36) TERMINO -> . TERMINO MULT FACTOR
    (37) TERMINO -> . TERMINO DIVIDE FACTOR
    (38) TERMINO -> . FACTOR
    (39) FACTOR -> . LEFTPAREN EXPRESION RIGHTPAREN
    (40) FACTOR -> . LLAMADA
    (41) FACTOR -> . PLUS skipID
    (42) FACTOR -> . MINUS skipID
    (43) FACTOR -> . skipID
    (46) LLAMADA -> . ID LEFTPAREN args RIGHTPAREN
    (44) skipID -> . ID
    (45) skipID -> . CTE
    (10) CTE -> . CTE_ENT
    (11) CTE -> . CTE_FLOAT

    LEFTPAREN       shift and go to state 64
    PLUS            shift and go to state 60
    MINUS           shift and go to state 62
    ID              shift and go to state 57
    CTE_ENT         shift and go to state 68
    CTE_FLOAT       shift and go to state 69

    TERMINO                        shift and go to state 106
    FACTOR                         shift and go to state 63
    LLAMADA                        shift and go to state 65
    skipID                         shift and go to state 66
    CTE                            shift and go to state 67

state 85

    (29) signsExp -> GREATERTHAN . EXP
    (33) EXP -> . EXP PLUS TERMINO
    (34) EXP -> . EXP MINUS TERMINO
    (35) EXP -> . TERMINO
    (36) TERMINO -> . TERMINO MULT FACTOR
    (37) TERMINO -> . TERMINO DIVIDE FACTOR
    (38) TERMINO -> . FACTOR
    (39) FACTOR -> . LEFTPAREN EXPRESION RIGHTPAREN
    (40) FACTOR -> . LLAMADA
    (41) FACTOR -> . PLUS skipID
    (42) FACTOR -> . MINUS skipID
    (43) FACTOR -> . skipID
    (46) LLAMADA -> . ID LEFTPAREN args RIGHTPAREN
    (44) skipID -> . ID
    (45) skipID -> . CTE
    (10) CTE -> . CTE_ENT
    (11) CTE -> . CTE_FLOAT

    LEFTPAREN       shift and go to state 64
    PLUS            shift and go to state 60
    MINUS           shift and go to state 62
    ID              shift and go to state 57
    CTE_ENT         shift and go to state 68
    CTE_FLOAT       shift and go to state 69

    EXP                            shift and go to state 107
    TERMINO                        shift and go to state 61
    FACTOR                         shift and go to state 63
    LLAMADA                        shift and go to state 65
    skipID                         shift and go to state 66
    CTE                            shift and go to state 67

state 86

    (30) signsExp -> LESSTHAN . EXP
    (33) EXP -> . EXP PLUS TERMINO
    (34) EXP -> . EXP MINUS TERMINO
    (35) EXP -> . TERMINO
    (36) TERMINO -> . TERMINO MULT FACTOR
    (37) TERMINO -> . TERMINO DIVIDE FACTOR
    (38) TERMINO -> . FACTOR
    (39) FACTOR -> . LEFTPAREN EXPRESION RIGHTPAREN
    (40) FACTOR -> . LLAMADA
    (41) FACTOR -> . PLUS skipID
    (42) FACTOR -> . MINUS skipID
    (43) FACTOR -> . skipID
    (46) LLAMADA -> . ID LEFTPAREN args RIGHTPAREN
    (44) skipID -> . ID
    (45) skipID -> . CTE
    (10) CTE -> . CTE_ENT
    (11) CTE -> . CTE_FLOAT

    LEFTPAREN       shift and go to state 64
    PLUS            shift and go to state 60
    MINUS           shift and go to state 62
    ID              shift and go to state 57
    CTE_ENT         shift and go to state 68
    CTE_FLOAT       shift and go to state 69

    EXP                            shift and go to state 108
    TERMINO                        shift and go to state 61
    FACTOR                         shift and go to state 63
    LLAMADA                        shift and go to state 65
    skipID                         shift and go to state 66
    CTE                            shift and go to state 67

state 87

    (31) signsExp -> EQUAL . EXP
    (33) EXP -> . EXP PLUS TERMINO
    (34) EXP -> . EXP MINUS TERMINO
    (35) EXP -> . TERMINO
    (36) TERMINO -> . TERMINO MULT FACTOR
    (37) TERMINO -> . TERMINO DIVIDE FACTOR
    (38) TERMINO -> . FACTOR
    (39) FACTOR -> . LEFTPAREN EXPRESION RIGHTPAREN
    (40) FACTOR -> . LLAMADA
    (41) FACTOR -> . PLUS skipID
    (42) FACTOR -> . MINUS skipID
    (43) FACTOR -> . skipID
    (46) LLAMADA -> . ID LEFTPAREN args RIGHTPAREN
    (44) skipID -> . ID
    (45) skipID -> . CTE
    (10) CTE -> . CTE_ENT
    (11) CTE -> . CTE_FLOAT

    LEFTPAREN       shift and go to state 64
    PLUS            shift and go to state 60
    MINUS           shift and go to state 62
    ID              shift and go to state 57
    CTE_ENT         shift and go to state 68
    CTE_FLOAT       shift and go to state 69

    EXP                            shift and go to state 109
    TERMINO                        shift and go to state 61
    FACTOR                         shift and go to state 63
    LLAMADA                        shift and go to state 65
    skipID                         shift and go to state 66
    CTE                            shift and go to state 67

state 88

    (32) signsExp -> NOTEQ . EXP
    (33) EXP -> . EXP PLUS TERMINO
    (34) EXP -> . EXP MINUS TERMINO
    (35) EXP -> . TERMINO
    (36) TERMINO -> . TERMINO MULT FACTOR
    (37) TERMINO -> . TERMINO DIVIDE FACTOR
    (38) TERMINO -> . FACTOR
    (39) FACTOR -> . LEFTPAREN EXPRESION RIGHTPAREN
    (40) FACTOR -> . LLAMADA
    (41) FACTOR -> . PLUS skipID
    (42) FACTOR -> . MINUS skipID
    (43) FACTOR -> . skipID
    (46) LLAMADA -> . ID LEFTPAREN args RIGHTPAREN
    (44) skipID -> . ID
    (45) skipID -> . CTE
    (10) CTE -> . CTE_ENT
    (11) CTE -> . CTE_FLOAT

    LEFTPAREN       shift and go to state 64
    PLUS            shift and go to state 60
    MINUS           shift and go to state 62
    ID              shift and go to state 57
    CTE_ENT         shift and go to state 68
    CTE_FLOAT       shift and go to state 69

    EXP                            shift and go to state 110
    TERMINO                        shift and go to state 61
    FACTOR                         shift and go to state 63
    LLAMADA                        shift and go to state 65
    skipID                         shift and go to state 66
    CTE                            shift and go to state 67

state 89

    (41) FACTOR -> PLUS skipID .

    MULT            reduce using rule 41 (FACTOR -> PLUS skipID .)
    DIVIDE          reduce using rule 41 (FACTOR -> PLUS skipID .)
    PLUS            reduce using rule 41 (FACTOR -> PLUS skipID .)
    MINUS           reduce using rule 41 (FACTOR -> PLUS skipID .)
    GREATERTHAN     reduce using rule 41 (FACTOR -> PLUS skipID .)
    LESSTHAN        reduce using rule 41 (FACTOR -> PLUS skipID .)
    EQUAL           reduce using rule 41 (FACTOR -> PLUS skipID .)
    NOTEQ           reduce using rule 41 (FACTOR -> PLUS skipID .)
    SEMICOLON       reduce using rule 41 (FACTOR -> PLUS skipID .)
    COMMA           reduce using rule 41 (FACTOR -> PLUS skipID .)
    RIGHTPAREN      reduce using rule 41 (FACTOR -> PLUS skipID .)


state 90

    (44) skipID -> ID .

    MULT            reduce using rule 44 (skipID -> ID .)
    DIVIDE          reduce using rule 44 (skipID -> ID .)
    PLUS            reduce using rule 44 (skipID -> ID .)
    MINUS           reduce using rule 44 (skipID -> ID .)
    GREATERTHAN     reduce using rule 44 (skipID -> ID .)
    LESSTHAN        reduce using rule 44 (skipID -> ID .)
    EQUAL           reduce using rule 44 (skipID -> ID .)
    NOTEQ           reduce using rule 44 (skipID -> ID .)
    SEMICOLON       reduce using rule 44 (skipID -> ID .)
    COMMA           reduce using rule 44 (skipID -> ID .)
    RIGHTPAREN      reduce using rule 44 (skipID -> ID .)


state 91

    (36) TERMINO -> TERMINO MULT . FACTOR
    (39) FACTOR -> . LEFTPAREN EXPRESION RIGHTPAREN
    (40) FACTOR -> . LLAMADA
    (41) FACTOR -> . PLUS skipID
    (42) FACTOR -> . MINUS skipID
    (43) FACTOR -> . skipID
    (46) LLAMADA -> . ID LEFTPAREN args RIGHTPAREN
    (44) skipID -> . ID
    (45) skipID -> . CTE
    (10) CTE -> . CTE_ENT
    (11) CTE -> . CTE_FLOAT

    LEFTPAREN       shift and go to state 64
    PLUS            shift and go to state 60
    MINUS           shift and go to state 62
    ID              shift and go to state 57
    CTE_ENT         shift and go to state 68
    CTE_FLOAT       shift and go to state 69

    FACTOR                         shift and go to state 111
    LLAMADA                        shift and go to state 65
    skipID                         shift and go to state 66
    CTE                            shift and go to state 67

state 92

    (37) TERMINO -> TERMINO DIVIDE . FACTOR
    (39) FACTOR -> . LEFTPAREN EXPRESION RIGHTPAREN
    (40) FACTOR -> . LLAMADA
    (41) FACTOR -> . PLUS skipID
    (42) FACTOR -> . MINUS skipID
    (43) FACTOR -> . skipID
    (46) LLAMADA -> . ID LEFTPAREN args RIGHTPAREN
    (44) skipID -> . ID
    (45) skipID -> . CTE
    (10) CTE -> . CTE_ENT
    (11) CTE -> . CTE_FLOAT

    LEFTPAREN       shift and go to state 64
    PLUS            shift and go to state 60
    MINUS           shift and go to state 62
    ID              shift and go to state 57
    CTE_ENT         shift and go to state 68
    CTE_FLOAT       shift and go to state 69

    FACTOR                         shift and go to state 112
    LLAMADA                        shift and go to state 65
    skipID                         shift and go to state 66
    CTE                            shift and go to state 67

state 93

    (42) FACTOR -> MINUS skipID .

    MULT            reduce using rule 42 (FACTOR -> MINUS skipID .)
    DIVIDE          reduce using rule 42 (FACTOR -> MINUS skipID .)
    PLUS            reduce using rule 42 (FACTOR -> MINUS skipID .)
    MINUS           reduce using rule 42 (FACTOR -> MINUS skipID .)
    GREATERTHAN     reduce using rule 42 (FACTOR -> MINUS skipID .)
    LESSTHAN        reduce using rule 42 (FACTOR -> MINUS skipID .)
    EQUAL           reduce using rule 42 (FACTOR -> MINUS skipID .)
    NOTEQ           reduce using rule 42 (FACTOR -> MINUS skipID .)
    SEMICOLON       reduce using rule 42 (FACTOR -> MINUS skipID .)
    COMMA           reduce using rule 42 (FACTOR -> MINUS skipID .)
    RIGHTPAREN      reduce using rule 42 (FACTOR -> MINUS skipID .)


state 94

    (39) FACTOR -> LEFTPAREN EXPRESION . RIGHTPAREN

    RIGHTPAREN      shift and go to state 113


state 95

    (46) LLAMADA -> ID LEFTPAREN args RIGHTPAREN .

    SEMICOLON       reduce using rule 46 (LLAMADA -> ID LEFTPAREN args RIGHTPAREN .)
    MULT            reduce using rule 46 (LLAMADA -> ID LEFTPAREN args RIGHTPAREN .)
    DIVIDE          reduce using rule 46 (LLAMADA -> ID LEFTPAREN args RIGHTPAREN .)
    PLUS            reduce using rule 46 (LLAMADA -> ID LEFTPAREN args RIGHTPAREN .)
    MINUS           reduce using rule 46 (LLAMADA -> ID LEFTPAREN args RIGHTPAREN .)
    GREATERTHAN     reduce using rule 46 (LLAMADA -> ID LEFTPAREN args RIGHTPAREN .)
    LESSTHAN        reduce using rule 46 (LLAMADA -> ID LEFTPAREN args RIGHTPAREN .)
    EQUAL           reduce using rule 46 (LLAMADA -> ID LEFTPAREN args RIGHTPAREN .)
    NOTEQ           reduce using rule 46 (LLAMADA -> ID LEFTPAREN args RIGHTPAREN .)
    COMMA           reduce using rule 46 (LLAMADA -> ID LEFTPAREN args RIGHTPAREN .)
    RIGHTPAREN      reduce using rule 46 (LLAMADA -> ID LEFTPAREN args RIGHTPAREN .)


state 96

    (48) args -> EXPRESION argsCycle .

    RIGHTPAREN      reduce using rule 48 (args -> EXPRESION argsCycle .)


state 97

    (50) argsCycle -> COMMA . EXPRESION argsCycle
    (27) EXPRESION -> . EXP signsExp
    (33) EXP -> . EXP PLUS TERMINO
    (34) EXP -> . EXP MINUS TERMINO
    (35) EXP -> . TERMINO
    (36) TERMINO -> . TERMINO MULT FACTOR
    (37) TERMINO -> . TERMINO DIVIDE FACTOR
    (38) TERMINO -> . FACTOR
    (39) FACTOR -> . LEFTPAREN EXPRESION RIGHTPAREN
    (40) FACTOR -> . LLAMADA
    (41) FACTOR -> . PLUS skipID
    (42) FACTOR -> . MINUS skipID
    (43) FACTOR -> . skipID
    (46) LLAMADA -> . ID LEFTPAREN args RIGHTPAREN
    (44) skipID -> . ID
    (45) skipID -> . CTE
    (10) CTE -> . CTE_ENT
    (11) CTE -> . CTE_FLOAT

    LEFTPAREN       shift and go to state 64
    PLUS            shift and go to state 60
    MINUS           shift and go to state 62
    ID              shift and go to state 57
    CTE_ENT         shift and go to state 68
    CTE_FLOAT       shift and go to state 69

    EXPRESION                      shift and go to state 114
    EXP                            shift and go to state 59
    TERMINO                        shift and go to state 61
    FACTOR                         shift and go to state 63
    LLAMADA                        shift and go to state 65
    skipID                         shift and go to state 66
    CTE                            shift and go to state 67

state 98

    (63) CONDICION -> SI LEFTPAREN EXPRESION RIGHTPAREN . HAZ CUERPO sinoCuerpo SEMICOLON

    HAZ             shift and go to state 115


state 99

    (62) CICLO -> MIENTRAS LEFTPAREN EXPRESION RIGHTPAREN . HAZ CUERPO SEMICOLON

    HAZ             shift and go to state 116


state 100

    (57) IMPRIME -> ESCRIBE LEFTPAREN imp cycleImp . RIGHTPAREN SEMICOLON

    RIGHTPAREN      shift and go to state 117


state 101

    (61) cycleImp -> COMMA . imp cycleImp
    (58) imp -> . LETRERO
    (59) imp -> . EXPRESION
    (27) EXPRESION -> . EXP signsExp
    (33) EXP -> . EXP PLUS TERMINO
    (34) EXP -> . EXP MINUS TERMINO
    (35) EXP -> . TERMINO
    (36) TERMINO -> . TERMINO MULT FACTOR
    (37) TERMINO -> . TERMINO DIVIDE FACTOR
    (38) TERMINO -> . FACTOR
    (39) FACTOR -> . LEFTPAREN EXPRESION RIGHTPAREN
    (40) FACTOR -> . LLAMADA
    (41) FACTOR -> . PLUS skipID
    (42) FACTOR -> . MINUS skipID
    (43) FACTOR -> . skipID
    (46) LLAMADA -> . ID LEFTPAREN args RIGHTPAREN
    (44) skipID -> . ID
    (45) skipID -> . CTE
    (10) CTE -> . CTE_ENT
    (11) CTE -> . CTE_FLOAT

    LETRERO         shift and go to state 75
    LEFTPAREN       shift and go to state 64
    PLUS            shift and go to state 60
    MINUS           shift and go to state 62
    ID              shift and go to state 57
    CTE_ENT         shift and go to state 68
    CTE_FLOAT       shift and go to state 69

    imp                            shift and go to state 118
    EXPRESION                      shift and go to state 76
    EXP                            shift and go to state 59
    TERMINO                        shift and go to state 61
    FACTOR                         shift and go to state 63
    LLAMADA                        shift and go to state 65
    skipID                         shift and go to state 66
    CTE                            shift and go to state 67

state 102

    (18) p_Follow -> ID COLON TIPO commaCycleFuncs .

    RIGHTPAREN      reduce using rule 18 (p_Follow -> ID COLON TIPO commaCycleFuncs .)


state 103

    (20) commaCycleFuncs -> COMMA . p_Follow
    (17) p_Follow -> .
    (18) p_Follow -> . ID COLON TIPO commaCycleFuncs

    RIGHTPAREN      reduce using rule 17 (p_Follow -> .)
    ID              shift and go to state 40

    p_Follow                       shift and go to state 119

state 104

    (14) FUNCS -> typeNull ID LEFTPAREN p_Follow RIGHTPAREN LEFTBRACE skipVars . CUERPO RIGHTBRACE SEMICOLON
    (6) CUERPO -> . LEFTBRACE cycleEst RIGHTBRACE

    LEFTBRACE       shift and go to state 23

    CUERPO                         shift and go to state 120

state 105

    (33) EXP -> EXP PLUS TERMINO .
    (36) TERMINO -> TERMINO . MULT FACTOR
    (37) TERMINO -> TERMINO . DIVIDE FACTOR

    PLUS            reduce using rule 33 (EXP -> EXP PLUS TERMINO .)
    MINUS           reduce using rule 33 (EXP -> EXP PLUS TERMINO .)
    GREATERTHAN     reduce using rule 33 (EXP -> EXP PLUS TERMINO .)
    LESSTHAN        reduce using rule 33 (EXP -> EXP PLUS TERMINO .)
    EQUAL           reduce using rule 33 (EXP -> EXP PLUS TERMINO .)
    NOTEQ           reduce using rule 33 (EXP -> EXP PLUS TERMINO .)
    SEMICOLON       reduce using rule 33 (EXP -> EXP PLUS TERMINO .)
    COMMA           reduce using rule 33 (EXP -> EXP PLUS TERMINO .)
    RIGHTPAREN      reduce using rule 33 (EXP -> EXP PLUS TERMINO .)
    MULT            shift and go to state 91
    DIVIDE          shift and go to state 92


state 106

    (34) EXP -> EXP MINUS TERMINO .
    (36) TERMINO -> TERMINO . MULT FACTOR
    (37) TERMINO -> TERMINO . DIVIDE FACTOR

    PLUS            reduce using rule 34 (EXP -> EXP MINUS TERMINO .)
    MINUS           reduce using rule 34 (EXP -> EXP MINUS TERMINO .)
    GREATERTHAN     reduce using rule 34 (EXP -> EXP MINUS TERMINO .)
    LESSTHAN        reduce using rule 34 (EXP -> EXP MINUS TERMINO .)
    EQUAL           reduce using rule 34 (EXP -> EXP MINUS TERMINO .)
    NOTEQ           reduce using rule 34 (EXP -> EXP MINUS TERMINO .)
    SEMICOLON       reduce using rule 34 (EXP -> EXP MINUS TERMINO .)
    COMMA           reduce using rule 34 (EXP -> EXP MINUS TERMINO .)
    RIGHTPAREN      reduce using rule 34 (EXP -> EXP MINUS TERMINO .)
    MULT            shift and go to state 91
    DIVIDE          shift and go to state 92


state 107

    (29) signsExp -> GREATERTHAN EXP .
    (33) EXP -> EXP . PLUS TERMINO
    (34) EXP -> EXP . MINUS TERMINO

    SEMICOLON       reduce using rule 29 (signsExp -> GREATERTHAN EXP .)
    COMMA           reduce using rule 29 (signsExp -> GREATERTHAN EXP .)
    RIGHTPAREN      reduce using rule 29 (signsExp -> GREATERTHAN EXP .)
    PLUS            shift and go to state 83
    MINUS           shift and go to state 84


state 108

    (30) signsExp -> LESSTHAN EXP .
    (33) EXP -> EXP . PLUS TERMINO
    (34) EXP -> EXP . MINUS TERMINO

    SEMICOLON       reduce using rule 30 (signsExp -> LESSTHAN EXP .)
    COMMA           reduce using rule 30 (signsExp -> LESSTHAN EXP .)
    RIGHTPAREN      reduce using rule 30 (signsExp -> LESSTHAN EXP .)
    PLUS            shift and go to state 83
    MINUS           shift and go to state 84


state 109

    (31) signsExp -> EQUAL EXP .
    (33) EXP -> EXP . PLUS TERMINO
    (34) EXP -> EXP . MINUS TERMINO

    SEMICOLON       reduce using rule 31 (signsExp -> EQUAL EXP .)
    COMMA           reduce using rule 31 (signsExp -> EQUAL EXP .)
    RIGHTPAREN      reduce using rule 31 (signsExp -> EQUAL EXP .)
    PLUS            shift and go to state 83
    MINUS           shift and go to state 84


state 110

    (32) signsExp -> NOTEQ EXP .
    (33) EXP -> EXP . PLUS TERMINO
    (34) EXP -> EXP . MINUS TERMINO

    SEMICOLON       reduce using rule 32 (signsExp -> NOTEQ EXP .)
    COMMA           reduce using rule 32 (signsExp -> NOTEQ EXP .)
    RIGHTPAREN      reduce using rule 32 (signsExp -> NOTEQ EXP .)
    PLUS            shift and go to state 83
    MINUS           shift and go to state 84


state 111

    (36) TERMINO -> TERMINO MULT FACTOR .

    MULT            reduce using rule 36 (TERMINO -> TERMINO MULT FACTOR .)
    DIVIDE          reduce using rule 36 (TERMINO -> TERMINO MULT FACTOR .)
    PLUS            reduce using rule 36 (TERMINO -> TERMINO MULT FACTOR .)
    MINUS           reduce using rule 36 (TERMINO -> TERMINO MULT FACTOR .)
    GREATERTHAN     reduce using rule 36 (TERMINO -> TERMINO MULT FACTOR .)
    LESSTHAN        reduce using rule 36 (TERMINO -> TERMINO MULT FACTOR .)
    EQUAL           reduce using rule 36 (TERMINO -> TERMINO MULT FACTOR .)
    NOTEQ           reduce using rule 36 (TERMINO -> TERMINO MULT FACTOR .)
    SEMICOLON       reduce using rule 36 (TERMINO -> TERMINO MULT FACTOR .)
    COMMA           reduce using rule 36 (TERMINO -> TERMINO MULT FACTOR .)
    RIGHTPAREN      reduce using rule 36 (TERMINO -> TERMINO MULT FACTOR .)


state 112

    (37) TERMINO -> TERMINO DIVIDE FACTOR .

    MULT            reduce using rule 37 (TERMINO -> TERMINO DIVIDE FACTOR .)
    DIVIDE          reduce using rule 37 (TERMINO -> TERMINO DIVIDE FACTOR .)
    PLUS            reduce using rule 37 (TERMINO -> TERMINO DIVIDE FACTOR .)
    MINUS           reduce using rule 37 (TERMINO -> TERMINO DIVIDE FACTOR .)
    GREATERTHAN     reduce using rule 37 (TERMINO -> TERMINO DIVIDE FACTOR .)
    LESSTHAN        reduce using rule 37 (TERMINO -> TERMINO DIVIDE FACTOR .)
    EQUAL           reduce using rule 37 (TERMINO -> TERMINO DIVIDE FACTOR .)
    NOTEQ           reduce using rule 37 (TERMINO -> TERMINO DIVIDE FACTOR .)
    SEMICOLON       reduce using rule 37 (TERMINO -> TERMINO DIVIDE FACTOR .)
    COMMA           reduce using rule 37 (TERMINO -> TERMINO DIVIDE FACTOR .)
    RIGHTPAREN      reduce using rule 37 (TERMINO -> TERMINO DIVIDE FACTOR .)


state 113

    (39) FACTOR -> LEFTPAREN EXPRESION RIGHTPAREN .

    MULT            reduce using rule 39 (FACTOR -> LEFTPAREN EXPRESION RIGHTPAREN .)
    DIVIDE          reduce using rule 39 (FACTOR -> LEFTPAREN EXPRESION RIGHTPAREN .)
    PLUS            reduce using rule 39 (FACTOR -> LEFTPAREN EXPRESION RIGHTPAREN .)
    MINUS           reduce using rule 39 (FACTOR -> LEFTPAREN EXPRESION RIGHTPAREN .)
    GREATERTHAN     reduce using rule 39 (FACTOR -> LEFTPAREN EXPRESION RIGHTPAREN .)
    LESSTHAN        reduce using rule 39 (FACTOR -> LEFTPAREN EXPRESION RIGHTPAREN .)
    EQUAL           reduce using rule 39 (FACTOR -> LEFTPAREN EXPRESION RIGHTPAREN .)
    NOTEQ           reduce using rule 39 (FACTOR -> LEFTPAREN EXPRESION RIGHTPAREN .)
    SEMICOLON       reduce using rule 39 (FACTOR -> LEFTPAREN EXPRESION RIGHTPAREN .)
    COMMA           reduce using rule 39 (FACTOR -> LEFTPAREN EXPRESION RIGHTPAREN .)
    RIGHTPAREN      reduce using rule 39 (FACTOR -> LEFTPAREN EXPRESION RIGHTPAREN .)


state 114

    (50) argsCycle -> COMMA EXPRESION . argsCycle
    (49) argsCycle -> .
    (50) argsCycle -> . COMMA EXPRESION argsCycle

    RIGHTPAREN      reduce using rule 49 (argsCycle -> .)
    COMMA           shift and go to state 97

    argsCycle                      shift and go to state 121

state 115

    (63) CONDICION -> SI LEFTPAREN EXPRESION RIGHTPAREN HAZ . CUERPO sinoCuerpo SEMICOLON
    (6) CUERPO -> . LEFTBRACE cycleEst RIGHTBRACE

    LEFTBRACE       shift and go to state 23

    CUERPO                         shift and go to state 122

state 116

    (62) CICLO -> MIENTRAS LEFTPAREN EXPRESION RIGHTPAREN HAZ . CUERPO SEMICOLON
    (6) CUERPO -> . LEFTBRACE cycleEst RIGHTBRACE

    LEFTBRACE       shift and go to state 23

    CUERPO                         shift and go to state 123

state 117

    (57) IMPRIME -> ESCRIBE LEFTPAREN imp cycleImp RIGHTPAREN . SEMICOLON

    SEMICOLON       shift and go to state 124


state 118

    (61) cycleImp -> COMMA imp . cycleImp
    (60) cycleImp -> .
    (61) cycleImp -> . COMMA imp cycleImp

    RIGHTPAREN      reduce using rule 60 (cycleImp -> .)
    COMMA           shift and go to state 101

    cycleImp                       shift and go to state 125

state 119

    (20) commaCycleFuncs -> COMMA p_Follow .

    RIGHTPAREN      reduce using rule 20 (commaCycleFuncs -> COMMA p_Follow .)


state 120

    (14) FUNCS -> typeNull ID LEFTPAREN p_Follow RIGHTPAREN LEFTBRACE skipVars CUERPO . RIGHTBRACE SEMICOLON

    RIGHTBRACE      shift and go to state 126


state 121

    (50) argsCycle -> COMMA EXPRESION argsCycle .

    RIGHTPAREN      reduce using rule 50 (argsCycle -> COMMA EXPRESION argsCycle .)


state 122

    (63) CONDICION -> SI LEFTPAREN EXPRESION RIGHTPAREN HAZ CUERPO . sinoCuerpo SEMICOLON
    (64) sinoCuerpo -> .
    (65) sinoCuerpo -> . SINO CUERPO

    SEMICOLON       reduce using rule 64 (sinoCuerpo -> .)
    SINO            shift and go to state 128

    sinoCuerpo                     shift and go to state 127

state 123

    (62) CICLO -> MIENTRAS LEFTPAREN EXPRESION RIGHTPAREN HAZ CUERPO . SEMICOLON

    SEMICOLON       shift and go to state 129


state 124

    (57) IMPRIME -> ESCRIBE LEFTPAREN imp cycleImp RIGHTPAREN SEMICOLON .

    LEFTBRACKET     reduce using rule 57 (IMPRIME -> ESCRIBE LEFTPAREN imp cycleImp RIGHTPAREN SEMICOLON .)
    ID              reduce using rule 57 (IMPRIME -> ESCRIBE LEFTPAREN imp cycleImp RIGHTPAREN SEMICOLON .)
    SI              reduce using rule 57 (IMPRIME -> ESCRIBE LEFTPAREN imp cycleImp RIGHTPAREN SEMICOLON .)
    MIENTRAS        reduce using rule 57 (IMPRIME -> ESCRIBE LEFTPAREN imp cycleImp RIGHTPAREN SEMICOLON .)
    ESCRIBE         reduce using rule 57 (IMPRIME -> ESCRIBE LEFTPAREN imp cycleImp RIGHTPAREN SEMICOLON .)
    RIGHTBRACE      reduce using rule 57 (IMPRIME -> ESCRIBE LEFTPAREN imp cycleImp RIGHTPAREN SEMICOLON .)
    RIGHTBRACKET    reduce using rule 57 (IMPRIME -> ESCRIBE LEFTPAREN imp cycleImp RIGHTPAREN SEMICOLON .)


state 125

    (61) cycleImp -> COMMA imp cycleImp .

    RIGHTPAREN      reduce using rule 61 (cycleImp -> COMMA imp cycleImp .)


state 126

    (14) FUNCS -> typeNull ID LEFTPAREN p_Follow RIGHTPAREN LEFTBRACE skipVars CUERPO RIGHTBRACE . SEMICOLON

    SEMICOLON       shift and go to state 130


state 127

    (63) CONDICION -> SI LEFTPAREN EXPRESION RIGHTPAREN HAZ CUERPO sinoCuerpo . SEMICOLON

    SEMICOLON       shift and go to state 131


state 128

    (65) sinoCuerpo -> SINO . CUERPO
    (6) CUERPO -> . LEFTBRACE cycleEst RIGHTBRACE

    LEFTBRACE       shift and go to state 23

    CUERPO                         shift and go to state 132

state 129

    (62) CICLO -> MIENTRAS LEFTPAREN EXPRESION RIGHTPAREN HAZ CUERPO SEMICOLON .

    LEFTBRACKET     reduce using rule 62 (CICLO -> MIENTRAS LEFTPAREN EXPRESION RIGHTPAREN HAZ CUERPO SEMICOLON .)
    ID              reduce using rule 62 (CICLO -> MIENTRAS LEFTPAREN EXPRESION RIGHTPAREN HAZ CUERPO SEMICOLON .)
    SI              reduce using rule 62 (CICLO -> MIENTRAS LEFTPAREN EXPRESION RIGHTPAREN HAZ CUERPO SEMICOLON .)
    MIENTRAS        reduce using rule 62 (CICLO -> MIENTRAS LEFTPAREN EXPRESION RIGHTPAREN HAZ CUERPO SEMICOLON .)
    ESCRIBE         reduce using rule 62 (CICLO -> MIENTRAS LEFTPAREN EXPRESION RIGHTPAREN HAZ CUERPO SEMICOLON .)
    RIGHTBRACE      reduce using rule 62 (CICLO -> MIENTRAS LEFTPAREN EXPRESION RIGHTPAREN HAZ CUERPO SEMICOLON .)
    RIGHTBRACKET    reduce using rule 62 (CICLO -> MIENTRAS LEFTPAREN EXPRESION RIGHTPAREN HAZ CUERPO SEMICOLON .)


state 130

    (14) FUNCS -> typeNull ID LEFTPAREN p_Follow RIGHTPAREN LEFTBRACE skipVars CUERPO RIGHTBRACE SEMICOLON .

    NULA            reduce using rule 14 (FUNCS -> typeNull ID LEFTPAREN p_Follow RIGHTPAREN LEFTBRACE skipVars CUERPO RIGHTBRACE SEMICOLON .)
    ENTERO          reduce using rule 14 (FUNCS -> typeNull ID LEFTPAREN p_Follow RIGHTPAREN LEFTBRACE skipVars CUERPO RIGHTBRACE SEMICOLON .)
    FLOTANTE        reduce using rule 14 (FUNCS -> typeNull ID LEFTPAREN p_Follow RIGHTPAREN LEFTBRACE skipVars CUERPO RIGHTBRACE SEMICOLON .)
    INICIO          reduce using rule 14 (FUNCS -> typeNull ID LEFTPAREN p_Follow RIGHTPAREN LEFTBRACE skipVars CUERPO RIGHTBRACE SEMICOLON .)


state 131

    (63) CONDICION -> SI LEFTPAREN EXPRESION RIGHTPAREN HAZ CUERPO sinoCuerpo SEMICOLON .

    LEFTBRACKET     reduce using rule 63 (CONDICION -> SI LEFTPAREN EXPRESION RIGHTPAREN HAZ CUERPO sinoCuerpo SEMICOLON .)
    ID              reduce using rule 63 (CONDICION -> SI LEFTPAREN EXPRESION RIGHTPAREN HAZ CUERPO sinoCuerpo SEMICOLON .)
    SI              reduce using rule 63 (CONDICION -> SI LEFTPAREN EXPRESION RIGHTPAREN HAZ CUERPO sinoCuerpo SEMICOLON .)
    MIENTRAS        reduce using rule 63 (CONDICION -> SI LEFTPAREN EXPRESION RIGHTPAREN HAZ CUERPO sinoCuerpo SEMICOLON .)
    ESCRIBE         reduce using rule 63 (CONDICION -> SI LEFTPAREN EXPRESION RIGHTPAREN HAZ CUERPO sinoCuerpo SEMICOLON .)
    RIGHTBRACE      reduce using rule 63 (CONDICION -> SI LEFTPAREN EXPRESION RIGHTPAREN HAZ CUERPO sinoCuerpo SEMICOLON .)
    RIGHTBRACKET    reduce using rule 63 (CONDICION -> SI LEFTPAREN EXPRESION RIGHTPAREN HAZ CUERPO sinoCuerpo SEMICOLON .)


state 132

    (65) sinoCuerpo -> SINO CUERPO .

    SEMICOLON       reduce using rule 65 (sinoCuerpo -> SINO CUERPO .)

